<?xml version="1.0" ?>
<!DOCTYPE coverage SYSTEM "http://cobertura.sourceforge.net/xml/coverage-04.dtd">
<coverage lines-valid="267" lines-covered="210" line-rate="0.7865000000000001" branches-valid="227" branches-covered="170" branch-rate="0.7487999999999999" timestamp="1775817706341" complexity="0" version="0.1">
  <sources>
    <source>/home/ubuntu/griply-mcp</source>
  </sources>
  <packages>
    <package name="src" line-rate="0.8289" branch-rate="0.9137000000000001">
      <classes>
        <class name="types.ts" filename="src/types.ts" line-rate="0" branch-rate="1">
          <methods>
          </methods>
          <lines>
            <line number="85" hits="0" branch="false"/>
            <line number="90" hits="0" branch="false"/>
            <line number="94" hits="0" branch="false"/>
            <line number="109" hits="0" branch="false"/>
            <line number="113" hits="0" branch="false"/>
            <line number="118" hits="0" branch="false"/>
            <line number="128" hits="0" branch="false"/>
            <line number="141" hits="0" branch="false"/>
            <line number="154" hits="0" branch="false"/>
            <line number="158" hits="0" branch="false"/>
            <line number="163" hits="0" branch="false"/>
            <line number="165" hits="0" branch="false"/>
            <line number="172" hits="0" branch="false"/>
          </lines>
        </class>
        <class name="utils.ts" filename="src/utils.ts" line-rate="1" branch-rate="0.9137000000000001">
          <methods>
            <method name="timestampToISO" hits="1022" signature="()V">
              <lines>
                <line number="19" hits="1022"/>
              </lines>
            </method>
            <method name="timestampToDateStr" hits="22" signature="()V">
              <lines>
                <line number="24" hits="22"/>
              </lines>
            </method>
            <method name="dateToDeadlineTimestamp" hits="7" signature="()V">
              <lines>
                <line number="29" hits="7"/>
              </lines>
            </method>
            <method name="dateToTimestamp" hits="3" signature="()V">
              <lines>
                <line number="33" hits="3"/>
              </lines>
            </method>
            <method name="msToTimeString" hits="49" signature="()V">
              <lines>
                <line number="39" hits="49"/>
              </lines>
            </method>
            <method name="timeStringToMs" hits="6" signature="()V">
              <lines>
                <line number="45" hits="6"/>
              </lines>
            </method>
            <method name="msToDurationMinutes" hits="338" signature="()V">
              <lines>
                <line number="50" hits="338"/>
              </lines>
            </method>
            <method name="getTodayStr" hits="21" signature="()V">
              <lines>
                <line number="57" hits="21"/>
              </lines>
            </method>
            <method name="getTodayRange" hits="17" signature="()V">
              <lines>
                <line number="61" hits="17"/>
              </lines>
            </method>
            <method name="str" hits="2175" signature="()V">
              <lines>
                <line number="71" hits="2175"/>
              </lines>
            </method>
            <method name="firstId" hits="513" signature="()V">
              <lines>
                <line number="75" hits="513"/>
              </lines>
            </method>
            <method name="makeRoles" hits="8" signature="()V">
              <lines>
                <line number="80" hits="8"/>
              </lines>
            </method>
            <method name="tasksRef" hits="33" signature="()V">
              <lines>
                <line number="86" hits="33"/>
              </lines>
            </method>
            <method name="goalsRef" hits="8" signature="()V">
              <lines>
                <line number="90" hits="8"/>
              </lines>
            </method>
            <method name="userFilter" hits="36" signature="()V">
              <lines>
                <line number="94" hits="36"/>
              </lines>
            </method>
            <method name="docToTask" hits="316" signature="()V">
              <lines>
                <line number="100" hits="316"/>
              </lines>
            </method>
            <method name="docToHabit" hits="19" signature="()V">
              <lines>
                <line number="124" hits="19"/>
              </lines>
            </method>
            <method name="getCurrentSchedule" hits="22" signature="()V">
              <lines>
                <line number="175" hits="22"/>
              </lines>
            </method>
            <method name="countTodayEntries" hits="23" signature="()V">
              <lines>
                <line number="182" hits="23"/>
              </lines>
            </method>
            <method name="textResult" hits="2" signature="()V">
              <lines>
                <line number="208" hits="2"/>
              </lines>
            </method>
            <method name="jsonResult" hits="1" signature="()V">
              <lines>
                <line number="212" hits="1"/>
              </lines>
            </method>
          </methods>
          <lines>
            <line number="12" hits="2" branch="false"/>
            <line number="13" hits="2" branch="false"/>
            <line number="14" hits="2" branch="false"/>
            <line number="15" hits="2" branch="false"/>
            <line number="20" hits="1022" branch="true" condition-coverage="100% (4/4)"/>
            <line number="21" hits="746" branch="false"/>
            <line number="25" hits="22" branch="true" condition-coverage="100% (4/4)"/>
            <line number="26" hits="20" branch="false"/>
            <line number="30" hits="7" branch="false"/>
            <line number="34" hits="3" branch="false"/>
            <line number="40" hits="49" branch="false"/>
            <line number="41" hits="49" branch="false"/>
            <line number="42" hits="49" branch="false"/>
            <line number="46" hits="6" branch="false"/>
            <line number="47" hits="6" branch="false"/>
            <line number="51" hits="338" branch="true" condition-coverage="100% (4/4)"/>
            <line number="52" hits="129" branch="false"/>
            <line number="58" hits="21" branch="false"/>
            <line number="62" hits="17" branch="false"/>
            <line number="63" hits="17" branch="false"/>
            <line number="72" hits="2175" branch="true" condition-coverage="100% (4/4)"/>
            <line number="76" hits="513" branch="true" condition-coverage="100% (4/4)"/>
            <line number="77" hits="428" branch="false"/>
            <line number="81" hits="8" branch="false"/>
            <line number="87" hits="33" branch="false"/>
            <line number="91" hits="8" branch="false"/>
            <line number="95" hits="36" branch="false"/>
            <line number="101" hits="316" branch="false"/>
            <line number="102" hits="316" branch="false"/>
            <line number="104" hits="316" branch="true" condition-coverage="100% (2/2)"/>
            <line number="106" hits="316" branch="false"/>
            <line number="125" hits="19" branch="false"/>
            <line number="131" hits="19" branch="true" condition-coverage="50% (1/2)"/>
            <line number="132" hits="19" branch="false"/>
            <line number="133" hits="19" branch="true" condition-coverage="50% (1/2)"/>
            <line number="134" hits="19" branch="false"/>
            <line number="135" hits="19" branch="false"/>
            <line number="137" hits="19" branch="false"/>
            <line number="138" hits="19" branch="true" condition-coverage="100% (2/2)"/>
            <line number="140" hits="19" branch="false"/>
            <line number="141" hits="19" branch="true" condition-coverage="100% (4/4)"/>
            <line number="142" hits="10" branch="false"/>
            <line number="143" hits="10" branch="true" condition-coverage="100% (2/2)"/>
            <line number="144" hits="9" branch="true" condition-coverage="50% (1/2)"/>
            <line number="148" hits="19" branch="false"/>
            <line number="149" hits="19" branch="false"/>
            <line number="151" hits="19" branch="false"/>
            <line number="178" hits="22" branch="true" condition-coverage="100% (4/4)"/>
            <line number="179" hits="20" branch="false"/>
            <line number="186" hits="23" branch="false"/>
            <line number="187" hits="23" branch="false"/>
            <line number="189" hits="23" branch="false"/>
            <line number="190" hits="23" branch="true" condition-coverage="100% (2/2)"/>
            <line number="192" hits="21" branch="false"/>
            <line number="193" hits="35" branch="false"/>
            <line number="194" hits="35" branch="true" condition-coverage="100% (4/4)"/>
            <line number="195" hits="34" branch="false"/>
            <line number="196" hits="34" branch="true" condition-coverage="100% (4/4)"/>
            <line number="197" hits="1" branch="false"/>
            <line number="198" hits="1" branch="true" condition-coverage="50% (1/2)"/>
            <line number="203" hits="21" branch="false"/>
            <line number="209" hits="2" branch="false"/>
            <line number="213" hits="1" branch="false"/>
          </lines>
        </class>
      </classes>
    </package>
    <package name="src.firebase" line-rate="0.9375" branch-rate="0.9166">
      <classes>
        <class name="auth.ts" filename="src/firebase/auth.ts" line-rate="0.8887999999999999" branch-rate="0.8332999999999999">
          <methods>
            <method name="ensureAuth" hits="2" signature="()V">
              <lines>
                <line number="4" hits="2"/>
              </lines>
            </method>
          </methods>
          <lines>
            <line number="5" hits="2" branch="false"/>
            <line number="6" hits="2" branch="true" condition-coverage="100% (2/2)"/>
            <line number="7" hits="1" branch="false"/>
            <line number="10" hits="1" branch="false"/>
            <line number="11" hits="1" branch="false"/>
            <line number="12" hits="1" branch="true" condition-coverage="75% (3/4)"/>
            <line number="13" hits="0" branch="false"/>
            <line number="18" hits="1" branch="false"/>
            <line number="19" hits="1" branch="false"/>
          </lines>
        </class>
        <class name="client.ts" filename="src/firebase/client.ts" line-rate="1" branch-rate="1">
          <methods>
            <method name="getApp" hits="2" signature="()V">
              <lines>
                <line number="10" hits="2"/>
              </lines>
            </method>
            <method name="getAuthInstance" hits="2" signature="()V">
              <lines>
                <line number="15" hits="2"/>
              </lines>
            </method>
            <method name="getDb" hits="64" signature="()V">
              <lines>
                <line number="20" hits="64"/>
              </lines>
            </method>
          </methods>
          <lines>
            <line number="11" hits="2" branch="true" condition-coverage="100% (2/2)"/>
            <line number="12" hits="2" branch="false"/>
            <line number="16" hits="2" branch="true" condition-coverage="100% (2/2)"/>
            <line number="17" hits="2" branch="false"/>
            <line number="21" hits="64" branch="true" condition-coverage="100% (2/2)"/>
            <line number="22" hits="64" branch="false"/>
          </lines>
        </class>
        <class name="config.ts" filename="src/firebase/config.ts" line-rate="1" branch-rate="1">
          <methods>
          </methods>
          <lines>
            <line number="1" hits="2" branch="false"/>
          </lines>
        </class>
      </classes>
    </package>
    <package name="src.firestore" line-rate="0.9634999999999999" branch-rate="0.6751">
      <classes>
        <class name="goals.ts" filename="src/firestore/goals.ts" line-rate="0.9393" branch-rate="0.7559999999999999">
          <methods>
            <method name="parseMetric" hits="193" signature="()V">
              <lines>
                <line number="27" hits="193"/>
              </lines>
            </method>
            <method name="docToGoal" hits="193" signature="()V">
              <lines>
                <line number="49" hits="193"/>
              </lines>
            </method>
            <method name="listGoals" hits="7" signature="()V">
              <lines>
                <line number="67" hits="7"/>
              </lines>
            </method>
            <method name="(anonymous_3)" hits="191" signature="()V">
              <lines>
                <line number="82" hits="191"/>
              </lines>
            </method>
            <method name="(anonymous_4)" hits="191" signature="()V">
              <lines>
                <line number="83" hits="191"/>
              </lines>
            </method>
            <method name="getGoal" hits="3" signature="()V">
              <lines>
                <line number="86" hits="3"/>
              </lines>
            </method>
            <method name="(anonymous_6)" hits="0" signature="()V">
              <lines>
                <line number="104" hits="0"/>
              </lines>
            </method>
            <method name="createGoal" hits="1" signature="()V">
              <lines>
                <line number="113" hits="1"/>
              </lines>
            </method>
            <method name="completeGoal" hits="1" signature="()V">
              <lines>
                <line number="165" hits="1"/>
              </lines>
            </method>
            <method name="getGoalProgress" hits="3" signature="()V">
              <lines>
                <line number="172" hits="3"/>
              </lines>
            </method>
          </methods>
          <lines>
            <line number="28" hits="193" branch="true" condition-coverage="100% (4/4)"/>
            <line number="29" hits="39" branch="false"/>
            <line number="32" hits="39" branch="false"/>
            <line number="33" hits="39" branch="true" condition-coverage="50% (1/2)"/>
            <line number="34" hits="0" branch="false"/>
            <line number="35" hits="39" branch="true" condition-coverage="75% (3/4)"/>
            <line number="36" hits="39" branch="false"/>
            <line number="37" hits="39" branch="false"/>
            <line number="38" hits="39" branch="true" condition-coverage="66.66666666666666% (2/3)"/>
            <line number="41" hits="39" branch="false"/>
            <line number="50" hits="193" branch="false"/>
            <line number="71" hits="7" branch="false"/>
            <line number="75" hits="7" branch="true" condition-coverage="100% (2/2)"/>
            <line number="76" hits="1" branch="false"/>
            <line number="79" hits="7" branch="false"/>
            <line number="81" hits="7" branch="false"/>
            <line number="82" hits="191" branch="true" condition-coverage="100% (2/2)"/>
            <line number="83" hits="191" branch="false"/>
            <line number="90" hits="3" branch="false"/>
            <line number="91" hits="2" branch="true" condition-coverage="50% (1/2)"/>
            <line number="93" hits="2" branch="false"/>
            <line number="102" hits="2" branch="false"/>
            <line number="104" hits="0" branch="false"/>
            <line number="126" hits="1" branch="false"/>
            <line number="128" hits="1" branch="false"/>
            <line number="152" hits="1" branch="false"/>
            <line number="166" hits="1" branch="false"/>
            <line number="175" hits="3" branch="false"/>
            <line number="176" hits="2" branch="true" condition-coverage="50% (1/2)"/>
            <line number="178" hits="2" branch="false"/>
            <line number="179" hits="2" branch="true" condition-coverage="100% (2/2)"/>
            <line number="180" hits="3" branch="true" condition-coverage="100% (2/2)"/>
            <line number="182" hits="3" branch="false"/>
          </lines>
        </class>
        <class name="habits.ts" filename="src/firestore/habits.ts" line-rate="0.9333" branch-rate="0.4">
          <methods>
            <method name="listHabits" hits="1" signature="()V">
              <lines>
                <line number="22" hits="1"/>
              </lines>
            </method>
            <method name="(anonymous_1)" hits="4" signature="()V">
              <lines>
                <line number="34" hits="4"/>
              </lines>
            </method>
            <method name="addHabitOccurrence" hits="2" signature="()V">
              <lines>
                <line number="37" hits="2"/>
              </lines>
            </method>
          </methods>
          <lines>
            <line number="23" hits="1" branch="false"/>
            <line number="24" hits="1" branch="false"/>
            <line number="34" hits="4" branch="false"/>
            <line number="40" hits="2" branch="false"/>
            <line number="41" hits="2" branch="false"/>
            <line number="43" hits="1" branch="true" condition-coverage="50% (1/2)"/>
            <line number="45" hits="1" branch="false"/>
            <line number="46" hits="1" branch="false"/>
            <line number="47" hits="1" branch="true" condition-coverage="50% (1/2)"/>
            <line number="49" hits="0" branch="true" condition-coverage="0% (0/2)"/>
            <line number="50" hits="2" branch="false"/>
            <line number="57" hits="2" branch="false"/>
            <line number="58" hits="2" branch="false"/>
            <line number="59" hits="2" branch="false"/>
            <line number="64" hits="2" branch="false"/>
          </lines>
        </class>
        <class name="summary.ts" filename="src/firestore/summary.ts" line-rate="1" branch-rate="0.8887999999999999">
          <methods>
            <method name="getTodaySummary" hits="3" signature="()V">
              <lines>
                <line number="19" hits="3"/>
              </lines>
            </method>
          </methods>
          <lines>
            <line number="23" hits="3" branch="true" condition-coverage="100% (2/2)"/>
            <line number="24" hits="3" branch="false"/>
            <line number="25" hits="3" branch="false"/>
            <line number="28" hits="3" branch="false"/>
            <line number="37" hits="3" branch="false"/>
            <line number="38" hits="3" branch="false"/>
            <line number="40" hits="3" branch="false"/>
            <line number="41" hits="177" branch="false"/>
            <line number="42" hits="177" branch="false"/>
            <line number="44" hits="177" branch="true" condition-coverage="100% (4/4)"/>
            <line number="45" hits="108" branch="false"/>
            <line number="46" hits="108" branch="true" condition-coverage="50% (1/2)"/>
            <line number="47" hits="108" branch="false"/>
            <line number="51" hits="69" branch="false"/>
            <line number="52" hits="69" branch="true" condition-coverage="100% (2/2)"/>
            <line number="53" hits="177" branch="false"/>
            <line number="56" hits="177" branch="true" condition-coverage="100% (4/4)"/>
            <line number="59" hits="177" branch="true" condition-coverage="100% (2/2)"/>
            <line number="63" hits="3" branch="false"/>
            <line number="73" hits="3" branch="false"/>
            <line number="74" hits="3" branch="false"/>
            <line number="76" hits="3" branch="false"/>
            <line number="77" hits="12" branch="false"/>
            <line number="78" hits="12" branch="true" condition-coverage="50% (1/2)"/>
            <line number="79" hits="12" branch="false"/>
            <line number="82" hits="3" branch="false"/>
          </lines>
        </class>
        <class name="tasks.ts" filename="src/firestore/tasks.ts" line-rate="0.9682" branch-rate="0.625">
          <methods>
            <method name="listTasks" hits="17" signature="()V">
              <lines>
                <line number="31" hits="17"/>
              </lines>
            </method>
            <method name="(anonymous_1)" hits="292" signature="()V">
              <lines>
                <line number="72" hits="292"/>
              </lines>
            </method>
            <method name="(anonymous_2)" hits="23" signature="()V">
              <lines>
                <line number="75" hits="23"/>
              </lines>
            </method>
            <method name="filterByTag" hits="2" signature="()V">
              <lines>
                <line number="92" hits="2"/>
              </lines>
            </method>
            <method name="(anonymous_4)" hits="46" signature="()V">
              <lines>
                <line number="107" hits="46"/>
              </lines>
            </method>
            <method name="createTask" hits="7" signature="()V">
              <lines>
                <line number="110" hits="7"/>
              </lines>
            </method>
            <method name="updateTask" hits="2" signature="()V">
              <lines>
                <line number="182" hits="2"/>
              </lines>
            </method>
            <method name="completeTask" hits="1" signature="()V">
              <lines>
                <line number="234" hits="1"/>
              </lines>
            </method>
            <method name="deleteTask" hits="7" signature="()V">
              <lines>
                <line number="241" hits="7"/>
              </lines>
            </method>
          </methods>
          <lines>
            <line number="35" hits="17" branch="false"/>
            <line number="40" hits="17" branch="false"/>
            <line number="42" hits="17" branch="true" condition-coverage="100% (6/6)"/>
            <line number="46" hits="14" branch="false"/>
            <line number="47" hits="14" branch="false"/>
            <line number="49" hits="1" branch="false"/>
            <line number="50" hits="1" branch="false"/>
            <line number="51" hits="1" branch="false"/>
            <line number="52" hits="1" branch="false"/>
            <line number="54" hits="1" branch="false"/>
            <line number="55" hits="1" branch="false"/>
            <line number="56" hits="1" branch="false"/>
            <line number="59" hits="1" branch="false"/>
            <line number="61" hits="1" branch="false"/>
            <line number="62" hits="1" branch="false"/>
            <line number="65" hits="17" branch="true" condition-coverage="100% (2/2)"/>
            <line number="66" hits="3" branch="false"/>
            <line number="69" hits="17" branch="false"/>
            <line number="72" hits="292" branch="false"/>
            <line number="74" hits="17" branch="true" condition-coverage="100% (2/2)"/>
            <line number="75" hits="1" branch="false"/>
            <line number="76" hits="23" branch="true" condition-coverage="100% (2/2)"/>
            <line number="77" hits="14" branch="true" condition-coverage="50% (1/2)"/>
            <line number="78" hits="14" branch="false"/>
            <line number="79" hits="14" branch="true" condition-coverage="50% (1/2)"/>
            <line number="81" hits="0" branch="false"/>
            <line number="85" hits="17" branch="true" condition-coverage="100% (2/2)"/>
            <line number="86" hits="2" branch="false"/>
            <line number="89" hits="17" branch="false"/>
            <line number="93" hits="2" branch="false"/>
            <line number="100" hits="2" branch="false"/>
            <line number="101" hits="2" branch="false"/>
            <line number="102" hits="1" branch="true" condition-coverage="50% (1/2)"/>
            <line number="103" hits="1" branch="false"/>
            <line number="104" hits="1" branch="true" condition-coverage="50% (1/2)"/>
            <line number="107" hits="46" branch="false"/>
            <line number="125" hits="7" branch="false"/>
            <line number="127" hits="7" branch="true" condition-coverage="100% (4/4)"/>
            <line number="134" hits="7" branch="false"/>
            <line number="167" hits="7" branch="false"/>
            <line number="196" hits="2" branch="false"/>
            <line number="197" hits="2" branch="false"/>
            <line number="198" hits="1" branch="true" condition-coverage="50% (1/2)"/>
            <line number="200" hits="1" branch="false"/>
            <line number="202" hits="1" branch="true" condition-coverage="50% (1/2)"/>
            <line number="203" hits="1" branch="true" condition-coverage="25% (1/4)"/>
            <line number="204" hits="1" branch="true" condition-coverage="50% (1/2)"/>
            <line number="205" hits="1" branch="true" condition-coverage="50% (1/2)"/>
            <line number="206" hits="1" branch="true" condition-coverage="50% (1/2)"/>
            <line number="207" hits="1" branch="false"/>
            <line number="208" hits="1" branch="false"/>
            <line number="209" hits="1" branch="true" condition-coverage="50% (1/2)"/>
            <line number="210" hits="1" branch="false"/>
            <line number="212" hits="0" branch="false"/>
            <line number="215" hits="1" branch="true" condition-coverage="25% (1/4)"/>
            <line number="216" hits="1" branch="true" condition-coverage="25% (1/4)"/>
            <line number="218" hits="1" branch="true" condition-coverage="50% (2/4)"/>
            <line number="219" hits="1" branch="true" condition-coverage="50% (1/2)"/>
            <line number="220" hits="1" branch="false"/>
            <line number="230" hits="1" branch="false"/>
            <line number="231" hits="1" branch="false"/>
            <line number="235" hits="1" branch="false"/>
            <line number="242" hits="7" branch="false"/>
          </lines>
        </class>
      </classes>
    </package>
    <package name="src.tools" line-rate="0" branch-rate="1">
      <classes>
        <class name="goals.ts" filename="src/tools/goals.ts" line-rate="0" branch-rate="1">
          <methods>
            <method name="registerGoalTools" hits="0" signature="()V">
              <lines>
                <line number="13" hits="0"/>
              </lines>
            </method>
            <method name="(anonymous_1)" hits="0" signature="()V">
              <lines>
                <line number="15" hits="0"/>
              </lines>
            </method>
            <method name="(anonymous_2)" hits="0" signature="()V">
              <lines>
                <line number="19" hits="0"/>
              </lines>
            </method>
            <method name="(anonymous_3)" hits="0" signature="()V">
              <lines>
                <line number="23" hits="0"/>
              </lines>
            </method>
            <method name="(anonymous_4)" hits="0" signature="()V">
              <lines>
                <line number="27" hits="0"/>
              </lines>
            </method>
            <method name="(anonymous_5)" hits="0" signature="()V">
              <lines>
                <line number="35" hits="0"/>
              </lines>
            </method>
          </methods>
          <lines>
            <line number="14" hits="0" branch="false"/>
            <line number="15" hits="0" branch="false"/>
            <line number="18" hits="0" branch="false"/>
            <line number="19" hits="0" branch="false"/>
            <line number="22" hits="0" branch="false"/>
            <line number="23" hits="0" branch="false"/>
            <line number="26" hits="0" branch="false"/>
            <line number="28" hits="0" branch="false"/>
            <line number="29" hits="0" branch="false"/>
            <line number="30" hits="0" branch="false"/>
            <line number="34" hits="0" branch="false"/>
            <line number="36" hits="0" branch="false"/>
            <line number="37" hits="0" branch="false"/>
          </lines>
        </class>
        <class name="habits.ts" filename="src/tools/habits.ts" line-rate="0" branch-rate="1">
          <methods>
            <method name="registerHabitTools" hits="0" signature="()V">
              <lines>
                <line number="7" hits="0"/>
              </lines>
            </method>
            <method name="(anonymous_1)" hits="0" signature="()V">
              <lines>
                <line number="9" hits="0"/>
              </lines>
            </method>
          </methods>
          <lines>
            <line number="8" hits="0" branch="false"/>
            <line number="9" hits="0" branch="false"/>
          </lines>
        </class>
        <class name="index.ts" filename="src/tools/index.ts" line-rate="0" branch-rate="1">
          <methods>
            <method name="registerAllTools" hits="0" signature="()V">
              <lines>
                <line number="7" hits="0"/>
              </lines>
            </method>
          </methods>
          <lines>
            <line number="8" hits="0" branch="false"/>
            <line number="9" hits="0" branch="false"/>
            <line number="10" hits="0" branch="false"/>
            <line number="11" hits="0" branch="false"/>
          </lines>
        </class>
        <class name="summary.ts" filename="src/tools/summary.ts" line-rate="0" branch-rate="1">
          <methods>
            <method name="registerSummaryTools" hits="0" signature="()V">
              <lines>
                <line number="7" hits="0"/>
              </lines>
            </method>
            <method name="(anonymous_1)" hits="0" signature="()V">
              <lines>
                <line number="9" hits="0"/>
              </lines>
            </method>
          </methods>
          <lines>
            <line number="8" hits="0" branch="false"/>
            <line number="9" hits="0" branch="false"/>
          </lines>
        </class>
        <class name="tasks.ts" filename="src/tools/tasks.ts" line-rate="0" branch-rate="1">
          <methods>
            <method name="registerTaskTools" hits="0" signature="()V">
              <lines>
                <line number="13" hits="0"/>
              </lines>
            </method>
            <method name="(anonymous_1)" hits="0" signature="()V">
              <lines>
                <line number="15" hits="0"/>
              </lines>
            </method>
            <method name="(anonymous_2)" hits="0" signature="()V">
              <lines>
                <line number="19" hits="0"/>
              </lines>
            </method>
            <method name="(anonymous_3)" hits="0" signature="()V">
              <lines>
                <line number="23" hits="0"/>
              </lines>
            </method>
            <method name="(anonymous_4)" hits="0" signature="()V">
              <lines>
                <line number="32" hits="0"/>
              </lines>
            </method>
            <method name="(anonymous_5)" hits="0" signature="()V">
              <lines>
                <line number="40" hits="0"/>
              </lines>
            </method>
          </methods>
          <lines>
            <line number="14" hits="0" branch="false"/>
            <line number="15" hits="0" branch="false"/>
            <line number="18" hits="0" branch="false"/>
            <line number="19" hits="0" branch="false"/>
            <line number="22" hits="0" branch="false"/>
            <line number="24" hits="0" branch="false"/>
            <line number="25" hits="0" branch="false"/>
            <line number="26" hits="0" branch="false"/>
            <line number="27" hits="0" branch="false"/>
            <line number="31" hits="0" branch="false"/>
            <line number="33" hits="0" branch="false"/>
            <line number="34" hits="0" branch="false"/>
            <line number="35" hits="0" branch="false"/>
            <line number="39" hits="0" branch="false"/>
            <line number="41" hits="0" branch="false"/>
            <line number="42" hits="0" branch="false"/>
            <line number="43" hits="0" branch="false"/>
          </lines>
        </class>
      </classes>
    </package>
  </packages>
</coverage>
