<?xml version="1.0" ?>
<!DOCTYPE coverage SYSTEM "http://cobertura.sourceforge.net/xml/coverage-04.dtd">
<coverage lines-valid="271" lines-covered="200" line-rate="0.738" branches-valid="229" branches-covered="159" branch-rate="0.6943" timestamp="1775816750674" complexity="0" version="0.1">
  <sources>
    <source>/home/ubuntu/griply-mcp</source>
  </sources>
  <packages>
    <package name="src" line-rate="0.7763" branch-rate="0.7757999999999999">
      <classes>
        <class name="types.ts" filename="src/types.ts" line-rate="0" branch-rate="1">
          <methods>
          </methods>
          <lines>
            <line number="85" hits="0" branch="false"/>
            <line number="90" hits="0" branch="false"/>
            <line number="94" hits="0" branch="false"/>
            <line number="109" hits="0" branch="false"/>
            <line number="113" hits="0" branch="false"/>
            <line number="118" hits="0" branch="false"/>
            <line number="128" hits="0" branch="false"/>
            <line number="141" hits="0" branch="false"/>
            <line number="154" hits="0" branch="false"/>
            <line number="158" hits="0" branch="false"/>
            <line number="163" hits="0" branch="false"/>
            <line number="165" hits="0" branch="false"/>
            <line number="172" hits="0" branch="false"/>
          </lines>
        </class>
        <class name="utils.ts" filename="src/utils.ts" line-rate="0.9365000000000001" branch-rate="0.7757999999999999">
          <methods>
            <method name="timestampToISO" hits="954" signature="()V">
              <lines>
                <line number="19" hits="954"/>
              </lines>
            </method>
            <method name="timestampToDateStr" hits="16" signature="()V">
              <lines>
                <line number="24" hits="16"/>
              </lines>
            </method>
            <method name="dateToDeadlineTimestamp" hits="7" signature="()V">
              <lines>
                <line number="29" hits="7"/>
              </lines>
            </method>
            <method name="dateToTimestamp" hits="3" signature="()V">
              <lines>
                <line number="33" hits="3"/>
              </lines>
            </method>
            <method name="msToTimeString" hits="43" signature="()V">
              <lines>
                <line number="39" hits="43"/>
              </lines>
            </method>
            <method name="timeStringToMs" hits="3" signature="()V">
              <lines>
                <line number="45" hits="3"/>
              </lines>
            </method>
            <method name="msToDurationMinutes" hits="306" signature="()V">
              <lines>
                <line number="50" hits="306"/>
              </lines>
            </method>
            <method name="getTodayStr" hits="20" signature="()V">
              <lines>
                <line number="57" hits="20"/>
              </lines>
            </method>
            <method name="getTodayRange" hits="16" signature="()V">
              <lines>
                <line number="61" hits="16"/>
              </lines>
            </method>
            <method name="str" hits="2027" signature="()V">
              <lines>
                <line number="71" hits="2027"/>
              </lines>
            </method>
            <method name="firstId" hits="477" signature="()V">
              <lines>
                <line number="75" hits="477"/>
              </lines>
            </method>
            <method name="makeRoles" hits="7" signature="()V">
              <lines>
                <line number="80" hits="7"/>
              </lines>
            </method>
            <method name="tasksRef" hits="31" signature="()V">
              <lines>
                <line number="86" hits="31"/>
              </lines>
            </method>
            <method name="goalsRef" hits="8" signature="()V">
              <lines>
                <line number="90" hits="8"/>
              </lines>
            </method>
            <method name="userFilter" hits="35" signature="()V">
              <lines>
                <line number="94" hits="35"/>
              </lines>
            </method>
            <method name="docToTask" hits="290" signature="()V">
              <lines>
                <line number="100" hits="290"/>
              </lines>
            </method>
            <method name="docToHabit" hits="16" signature="()V">
              <lines>
                <line number="124" hits="16"/>
              </lines>
            </method>
            <method name="getCurrentSchedule" hits="16" signature="()V">
              <lines>
                <line number="175" hits="16"/>
              </lines>
            </method>
            <method name="countTodayEntries" hits="16" signature="()V">
              <lines>
                <line number="182" hits="16"/>
              </lines>
            </method>
            <method name="textResult" hits="0" signature="()V">
              <lines>
                <line number="208" hits="0"/>
              </lines>
            </method>
            <method name="jsonResult" hits="0" signature="()V">
              <lines>
                <line number="212" hits="0"/>
              </lines>
            </method>
          </methods>
          <lines>
            <line number="12" hits="1" branch="false"/>
            <line number="13" hits="1" branch="false"/>
            <line number="14" hits="1" branch="false"/>
            <line number="15" hits="1" branch="false"/>
            <line number="20" hits="954" branch="true" condition-coverage="100% (4/4)"/>
            <line number="21" hits="698" branch="false"/>
            <line number="25" hits="16" branch="true" condition-coverage="75% (3/4)"/>
            <line number="26" hits="16" branch="false"/>
            <line number="30" hits="7" branch="false"/>
            <line number="34" hits="3" branch="false"/>
            <line number="40" hits="43" branch="false"/>
            <line number="41" hits="43" branch="false"/>
            <line number="42" hits="43" branch="false"/>
            <line number="46" hits="3" branch="false"/>
            <line number="47" hits="3" branch="false"/>
            <line number="51" hits="306" branch="true" condition-coverage="100% (4/4)"/>
            <line number="52" hits="120" branch="false"/>
            <line number="58" hits="20" branch="false"/>
            <line number="62" hits="16" branch="false"/>
            <line number="63" hits="16" branch="false"/>
            <line number="72" hits="2027" branch="true" condition-coverage="100% (4/4)"/>
            <line number="76" hits="477" branch="true" condition-coverage="100% (4/4)"/>
            <line number="77" hits="393" branch="false"/>
            <line number="81" hits="7" branch="false"/>
            <line number="87" hits="31" branch="false"/>
            <line number="91" hits="8" branch="false"/>
            <line number="95" hits="35" branch="false"/>
            <line number="101" hits="290" branch="false"/>
            <line number="102" hits="290" branch="false"/>
            <line number="104" hits="290" branch="true" condition-coverage="100% (2/2)"/>
            <line number="106" hits="290" branch="false"/>
            <line number="125" hits="16" branch="false"/>
            <line number="131" hits="16" branch="true" condition-coverage="50% (1/2)"/>
            <line number="132" hits="16" branch="false"/>
            <line number="133" hits="16" branch="true" condition-coverage="50% (1/2)"/>
            <line number="134" hits="16" branch="false"/>
            <line number="135" hits="16" branch="false"/>
            <line number="137" hits="16" branch="false"/>
            <line number="138" hits="16" branch="true" condition-coverage="100% (2/2)"/>
            <line number="140" hits="16" branch="false"/>
            <line number="141" hits="16" branch="true" condition-coverage="100% (4/4)"/>
            <line number="142" hits="8" branch="false"/>
            <line number="143" hits="8" branch="true" condition-coverage="50% (1/2)"/>
            <line number="144" hits="8" branch="true" condition-coverage="50% (1/2)"/>
            <line number="148" hits="16" branch="false"/>
            <line number="149" hits="16" branch="false"/>
            <line number="151" hits="16" branch="false"/>
            <line number="178" hits="16" branch="true" condition-coverage="75% (3/4)"/>
            <line number="179" hits="16" branch="false"/>
            <line number="186" hits="16" branch="false"/>
            <line number="187" hits="16" branch="false"/>
            <line number="189" hits="16" branch="false"/>
            <line number="190" hits="16" branch="true" condition-coverage="50% (1/2)"/>
            <line number="192" hits="16" branch="false"/>
            <line number="193" hits="32" branch="false"/>
            <line number="194" hits="32" branch="true" condition-coverage="75% (3/4)"/>
            <line number="195" hits="32" branch="false"/>
            <line number="196" hits="32" branch="true" condition-coverage="50% (2/4)"/>
            <line number="197" hits="0" branch="false"/>
            <line number="198" hits="0" branch="true" condition-coverage="0% (0/2)"/>
            <line number="203" hits="16" branch="false"/>
            <line number="209" hits="0" branch="false"/>
            <line number="213" hits="0" branch="false"/>
          </lines>
        </class>
      </classes>
    </package>
    <package name="src.firebase" line-rate="0.9375" branch-rate="0.9166">
      <classes>
        <class name="auth.ts" filename="src/firebase/auth.ts" line-rate="0.8887999999999999" branch-rate="0.8332999999999999">
          <methods>
            <method name="ensureAuth" hits="2" signature="()V">
              <lines>
                <line number="4" hits="2"/>
              </lines>
            </method>
          </methods>
          <lines>
            <line number="5" hits="2" branch="false"/>
            <line number="6" hits="2" branch="true" condition-coverage="100% (2/2)"/>
            <line number="7" hits="1" branch="false"/>
            <line number="10" hits="1" branch="false"/>
            <line number="11" hits="1" branch="false"/>
            <line number="12" hits="1" branch="true" condition-coverage="75% (3/4)"/>
            <line number="13" hits="0" branch="false"/>
            <line number="18" hits="1" branch="false"/>
            <line number="19" hits="1" branch="false"/>
          </lines>
        </class>
        <class name="client.ts" filename="src/firebase/client.ts" line-rate="1" branch-rate="1">
          <methods>
            <method name="getApp" hits="2" signature="()V">
              <lines>
                <line number="10" hits="2"/>
              </lines>
            </method>
            <method name="getAuthInstance" hits="2" signature="()V">
              <lines>
                <line number="15" hits="2"/>
              </lines>
            </method>
            <method name="getDb" hits="59" signature="()V">
              <lines>
                <line number="20" hits="59"/>
              </lines>
            </method>
          </methods>
          <lines>
            <line number="11" hits="2" branch="true" condition-coverage="100% (2/2)"/>
            <line number="12" hits="2" branch="false"/>
            <line number="16" hits="2" branch="true" condition-coverage="100% (2/2)"/>
            <line number="17" hits="2" branch="false"/>
            <line number="21" hits="59" branch="true" condition-coverage="100% (2/2)"/>
            <line number="22" hits="59" branch="false"/>
          </lines>
        </class>
        <class name="config.ts" filename="src/firebase/config.ts" line-rate="1" branch-rate="1">
          <methods>
          </methods>
          <lines>
            <line number="1" hits="1" branch="false"/>
          </lines>
        </class>
      </classes>
    </package>
    <package name="src.firestore" line-rate="0.9197" branch-rate="0.6559999999999999">
      <classes>
        <class name="goals.ts" filename="src/firestore/goals.ts" line-rate="0.9393" branch-rate="0.7559999999999999">
          <methods>
            <method name="parseMetric" hits="187" signature="()V">
              <lines>
                <line number="27" hits="187"/>
              </lines>
            </method>
            <method name="docToGoal" hits="187" signature="()V">
              <lines>
                <line number="49" hits="187"/>
              </lines>
            </method>
            <method name="listGoals" hits="7" signature="()V">
              <lines>
                <line number="67" hits="7"/>
              </lines>
            </method>
            <method name="(anonymous_3)" hits="185" signature="()V">
              <lines>
                <line number="82" hits="185"/>
              </lines>
            </method>
            <method name="(anonymous_4)" hits="185" signature="()V">
              <lines>
                <line number="83" hits="185"/>
              </lines>
            </method>
            <method name="getGoal" hits="3" signature="()V">
              <lines>
                <line number="86" hits="3"/>
              </lines>
            </method>
            <method name="(anonymous_6)" hits="0" signature="()V">
              <lines>
                <line number="104" hits="0"/>
              </lines>
            </method>
            <method name="createGoal" hits="1" signature="()V">
              <lines>
                <line number="113" hits="1"/>
              </lines>
            </method>
            <method name="completeGoal" hits="1" signature="()V">
              <lines>
                <line number="165" hits="1"/>
              </lines>
            </method>
            <method name="getGoalProgress" hits="3" signature="()V">
              <lines>
                <line number="172" hits="3"/>
              </lines>
            </method>
          </methods>
          <lines>
            <line number="28" hits="187" branch="true" condition-coverage="100% (4/4)"/>
            <line number="29" hits="39" branch="false"/>
            <line number="32" hits="39" branch="false"/>
            <line number="33" hits="39" branch="true" condition-coverage="50% (1/2)"/>
            <line number="34" hits="0" branch="false"/>
            <line number="35" hits="39" branch="true" condition-coverage="75% (3/4)"/>
            <line number="36" hits="39" branch="false"/>
            <line number="37" hits="39" branch="false"/>
            <line number="38" hits="39" branch="true" condition-coverage="66.66666666666666% (2/3)"/>
            <line number="41" hits="39" branch="false"/>
            <line number="50" hits="187" branch="false"/>
            <line number="71" hits="7" branch="false"/>
            <line number="75" hits="7" branch="true" condition-coverage="100% (2/2)"/>
            <line number="76" hits="1" branch="false"/>
            <line number="79" hits="7" branch="false"/>
            <line number="81" hits="7" branch="false"/>
            <line number="82" hits="185" branch="true" condition-coverage="100% (2/2)"/>
            <line number="83" hits="185" branch="false"/>
            <line number="90" hits="3" branch="false"/>
            <line number="91" hits="2" branch="true" condition-coverage="50% (1/2)"/>
            <line number="93" hits="2" branch="false"/>
            <line number="102" hits="2" branch="false"/>
            <line number="104" hits="0" branch="false"/>
            <line number="126" hits="1" branch="false"/>
            <line number="128" hits="1" branch="false"/>
            <line number="152" hits="1" branch="false"/>
            <line number="166" hits="1" branch="false"/>
            <line number="175" hits="3" branch="false"/>
            <line number="176" hits="2" branch="true" condition-coverage="50% (1/2)"/>
            <line number="178" hits="2" branch="false"/>
            <line number="179" hits="2" branch="true" condition-coverage="100% (2/2)"/>
            <line number="180" hits="3" branch="true" condition-coverage="100% (2/2)"/>
            <line number="182" hits="3" branch="false"/>
          </lines>
        </class>
        <class name="habits.ts" filename="src/firestore/habits.ts" line-rate="0.6666" branch-rate="0.2">
          <methods>
            <method name="listHabits" hits="1" signature="()V">
              <lines>
                <line number="22" hits="1"/>
              </lines>
            </method>
            <method name="(anonymous_1)" hits="4" signature="()V">
              <lines>
                <line number="34" hits="4"/>
              </lines>
            </method>
            <method name="addHabitOccurrence" hits="1" signature="()V">
              <lines>
                <line number="37" hits="1"/>
              </lines>
            </method>
          </methods>
          <lines>
            <line number="23" hits="1" branch="false"/>
            <line number="24" hits="1" branch="false"/>
            <line number="34" hits="4" branch="false"/>
            <line number="40" hits="1" branch="false"/>
            <line number="41" hits="1" branch="false"/>
            <line number="43" hits="0" branch="true" condition-coverage="0% (0/2)"/>
            <line number="45" hits="0" branch="false"/>
            <line number="46" hits="0" branch="false"/>
            <line number="47" hits="0" branch="true" condition-coverage="0% (0/2)"/>
            <line number="49" hits="0" branch="true" condition-coverage="0% (0/2)"/>
            <line number="50" hits="1" branch="false"/>
            <line number="57" hits="1" branch="false"/>
            <line number="58" hits="1" branch="false"/>
            <line number="59" hits="1" branch="false"/>
            <line number="64" hits="1" branch="false"/>
          </lines>
        </class>
        <class name="summary.ts" filename="src/firestore/summary.ts" line-rate="1" branch-rate="0.8887999999999999">
          <methods>
            <method name="getTodaySummary" hits="3" signature="()V">
              <lines>
                <line number="19" hits="3"/>
              </lines>
            </method>
          </methods>
          <lines>
            <line number="23" hits="3" branch="true" condition-coverage="100% (2/2)"/>
            <line number="24" hits="3" branch="false"/>
            <line number="25" hits="3" branch="false"/>
            <line number="28" hits="3" branch="false"/>
            <line number="37" hits="3" branch="false"/>
            <line number="38" hits="3" branch="false"/>
            <line number="40" hits="3" branch="false"/>
            <line number="41" hits="177" branch="false"/>
            <line number="42" hits="177" branch="false"/>
            <line number="44" hits="177" branch="true" condition-coverage="100% (4/4)"/>
            <line number="45" hits="108" branch="false"/>
            <line number="46" hits="108" branch="true" condition-coverage="50% (1/2)"/>
            <line number="47" hits="108" branch="false"/>
            <line number="51" hits="69" branch="false"/>
            <line number="52" hits="69" branch="true" condition-coverage="100% (2/2)"/>
            <line number="53" hits="177" branch="false"/>
            <line number="56" hits="177" branch="true" condition-coverage="100% (4/4)"/>
            <line number="59" hits="177" branch="true" condition-coverage="100% (2/2)"/>
            <line number="63" hits="3" branch="false"/>
            <line number="73" hits="3" branch="false"/>
            <line number="74" hits="3" branch="false"/>
            <line number="76" hits="3" branch="false"/>
            <line number="77" hits="12" branch="false"/>
            <line number="78" hits="12" branch="true" condition-coverage="50% (1/2)"/>
            <line number="79" hits="12" branch="false"/>
            <line number="82" hits="3" branch="false"/>
          </lines>
        </class>
        <class name="tasks.ts" filename="src/firestore/tasks.ts" line-rate="0.9365000000000001" branch-rate="0.6136">
          <methods>
            <method name="listTasks" hits="16" signature="()V">
              <lines>
                <line number="31" hits="16"/>
              </lines>
            </method>
            <method name="(anonymous_1)" hits="269" signature="()V">
              <lines>
                <line number="72" hits="269"/>
              </lines>
            </method>
            <method name="(anonymous_2)" hits="23" signature="()V">
              <lines>
                <line number="75" hits="23"/>
              </lines>
            </method>
            <method name="filterByTag" hits="2" signature="()V">
              <lines>
                <line number="92" hits="2"/>
              </lines>
            </method>
            <method name="(anonymous_4)" hits="46" signature="()V">
              <lines>
                <line number="107" hits="46"/>
              </lines>
            </method>
            <method name="createTask" hits="6" signature="()V">
              <lines>
                <line number="110" hits="6"/>
              </lines>
            </method>
            <method name="updateTask" hits="1" signature="()V">
              <lines>
                <line number="182" hits="1"/>
              </lines>
            </method>
            <method name="completeTask" hits="1" signature="()V">
              <lines>
                <line number="234" hits="1"/>
              </lines>
            </method>
            <method name="deleteTask" hits="6" signature="()V">
              <lines>
                <line number="241" hits="6"/>
              </lines>
            </method>
          </methods>
          <lines>
            <line number="35" hits="16" branch="false"/>
            <line number="40" hits="16" branch="false"/>
            <line number="42" hits="16" branch="true" condition-coverage="83.33333333333334% (5/6)"/>
            <line number="46" hits="14" branch="false"/>
            <line number="47" hits="14" branch="false"/>
            <line number="49" hits="1" branch="false"/>
            <line number="50" hits="1" branch="false"/>
            <line number="51" hits="1" branch="false"/>
            <line number="52" hits="1" branch="false"/>
            <line number="54" hits="1" branch="false"/>
            <line number="55" hits="1" branch="false"/>
            <line number="56" hits="1" branch="false"/>
            <line number="59" hits="1" branch="false"/>
            <line number="61" hits="0" branch="false"/>
            <line number="62" hits="0" branch="false"/>
            <line number="65" hits="16" branch="true" condition-coverage="100% (2/2)"/>
            <line number="66" hits="3" branch="false"/>
            <line number="69" hits="16" branch="false"/>
            <line number="72" hits="269" branch="false"/>
            <line number="74" hits="16" branch="true" condition-coverage="100% (2/2)"/>
            <line number="75" hits="1" branch="false"/>
            <line number="76" hits="23" branch="true" condition-coverage="100% (2/2)"/>
            <line number="77" hits="14" branch="true" condition-coverage="50% (1/2)"/>
            <line number="78" hits="14" branch="false"/>
            <line number="79" hits="14" branch="true" condition-coverage="50% (1/2)"/>
            <line number="81" hits="0" branch="false"/>
            <line number="85" hits="16" branch="true" condition-coverage="100% (2/2)"/>
            <line number="86" hits="2" branch="false"/>
            <line number="89" hits="16" branch="false"/>
            <line number="93" hits="2" branch="false"/>
            <line number="100" hits="2" branch="false"/>
            <line number="101" hits="2" branch="false"/>
            <line number="102" hits="1" branch="true" condition-coverage="50% (1/2)"/>
            <line number="103" hits="1" branch="false"/>
            <line number="104" hits="1" branch="true" condition-coverage="50% (1/2)"/>
            <line number="107" hits="46" branch="false"/>
            <line number="125" hits="6" branch="false"/>
            <line number="127" hits="6" branch="true" condition-coverage="100% (4/4)"/>
            <line number="134" hits="6" branch="false"/>
            <line number="167" hits="6" branch="false"/>
            <line number="196" hits="1" branch="false"/>
            <line number="197" hits="1" branch="false"/>
            <line number="198" hits="1" branch="true" condition-coverage="50% (1/2)"/>
            <line number="200" hits="1" branch="false"/>
            <line number="202" hits="1" branch="true" condition-coverage="50% (1/2)"/>
            <line number="203" hits="1" branch="true" condition-coverage="25% (1/4)"/>
            <line number="204" hits="1" branch="true" condition-coverage="50% (1/2)"/>
            <line number="205" hits="1" branch="true" condition-coverage="50% (1/2)"/>
            <line number="206" hits="1" branch="true" condition-coverage="50% (1/2)"/>
            <line number="207" hits="1" branch="false"/>
            <line number="208" hits="1" branch="false"/>
            <line number="209" hits="1" branch="true" condition-coverage="50% (1/2)"/>
            <line number="210" hits="1" branch="false"/>
            <line number="212" hits="0" branch="false"/>
            <line number="215" hits="1" branch="true" condition-coverage="25% (1/4)"/>
            <line number="216" hits="1" branch="true" condition-coverage="25% (1/4)"/>
            <line number="218" hits="1" branch="true" condition-coverage="50% (2/4)"/>
            <line number="219" hits="1" branch="true" condition-coverage="50% (1/2)"/>
            <line number="220" hits="1" branch="false"/>
            <line number="230" hits="1" branch="false"/>
            <line number="231" hits="1" branch="false"/>
            <line number="235" hits="1" branch="false"/>
            <line number="242" hits="6" branch="false"/>
          </lines>
        </class>
      </classes>
    </package>
    <package name="src.tools" line-rate="0" branch-rate="0">
      <classes>
        <class name="goals.ts" filename="src/tools/goals.ts" line-rate="0" branch-rate="1">
          <methods>
            <method name="registerGoalTools" hits="0" signature="()V">
              <lines>
                <line number="13" hits="0"/>
              </lines>
            </method>
            <method name="(anonymous_1)" hits="0" signature="()V">
              <lines>
                <line number="15" hits="0"/>
              </lines>
            </method>
            <method name="(anonymous_2)" hits="0" signature="()V">
              <lines>
                <line number="19" hits="0"/>
              </lines>
            </method>
            <method name="(anonymous_3)" hits="0" signature="()V">
              <lines>
                <line number="23" hits="0"/>
              </lines>
            </method>
            <method name="(anonymous_4)" hits="0" signature="()V">
              <lines>
                <line number="27" hits="0"/>
              </lines>
            </method>
            <method name="(anonymous_5)" hits="0" signature="()V">
              <lines>
                <line number="35" hits="0"/>
              </lines>
            </method>
          </methods>
          <lines>
            <line number="14" hits="0" branch="false"/>
            <line number="15" hits="0" branch="false"/>
            <line number="18" hits="0" branch="false"/>
            <line number="19" hits="0" branch="false"/>
            <line number="22" hits="0" branch="false"/>
            <line number="23" hits="0" branch="false"/>
            <line number="26" hits="0" branch="false"/>
            <line number="28" hits="0" branch="false"/>
            <line number="29" hits="0" branch="false"/>
            <line number="30" hits="0" branch="false"/>
            <line number="34" hits="0" branch="false"/>
            <line number="36" hits="0" branch="false"/>
            <line number="37" hits="0" branch="false"/>
          </lines>
        </class>
        <class name="habits.ts" filename="src/tools/habits.ts" line-rate="0" branch-rate="0">
          <methods>
            <method name="registerHabitTools" hits="0" signature="()V">
              <lines>
                <line number="7" hits="0"/>
              </lines>
            </method>
            <method name="(anonymous_1)" hits="0" signature="()V">
              <lines>
                <line number="9" hits="0"/>
              </lines>
            </method>
            <method name="(anonymous_2)" hits="0" signature="()V">
              <lines>
                <line number="13" hits="0"/>
              </lines>
            </method>
          </methods>
          <lines>
            <line number="8" hits="0" branch="false"/>
            <line number="9" hits="0" branch="false"/>
            <line number="12" hits="0" branch="false"/>
            <line number="14" hits="0" branch="false"/>
            <line number="15" hits="0" branch="false"/>
            <line number="16" hits="0" branch="true" condition-coverage="0% (0/2)"/>
          </lines>
        </class>
        <class name="index.ts" filename="src/tools/index.ts" line-rate="0" branch-rate="1">
          <methods>
            <method name="registerAllTools" hits="0" signature="()V">
              <lines>
                <line number="7" hits="0"/>
              </lines>
            </method>
          </methods>
          <lines>
            <line number="8" hits="0" branch="false"/>
            <line number="9" hits="0" branch="false"/>
            <line number="10" hits="0" branch="false"/>
            <line number="11" hits="0" branch="false"/>
          </lines>
        </class>
        <class name="summary.ts" filename="src/tools/summary.ts" line-rate="0" branch-rate="1">
          <methods>
            <method name="registerSummaryTools" hits="0" signature="()V">
              <lines>
                <line number="7" hits="0"/>
              </lines>
            </method>
            <method name="(anonymous_1)" hits="0" signature="()V">
              <lines>
                <line number="9" hits="0"/>
              </lines>
            </method>
          </methods>
          <lines>
            <line number="8" hits="0" branch="false"/>
            <line number="9" hits="0" branch="false"/>
          </lines>
        </class>
        <class name="tasks.ts" filename="src/tools/tasks.ts" line-rate="0" branch-rate="1">
          <methods>
            <method name="registerTaskTools" hits="0" signature="()V">
              <lines>
                <line number="13" hits="0"/>
              </lines>
            </method>
            <method name="(anonymous_1)" hits="0" signature="()V">
              <lines>
                <line number="15" hits="0"/>
              </lines>
            </method>
            <method name="(anonymous_2)" hits="0" signature="()V">
              <lines>
                <line number="19" hits="0"/>
              </lines>
            </method>
            <method name="(anonymous_3)" hits="0" signature="()V">
              <lines>
                <line number="23" hits="0"/>
              </lines>
            </method>
            <method name="(anonymous_4)" hits="0" signature="()V">
              <lines>
                <line number="32" hits="0"/>
              </lines>
            </method>
            <method name="(anonymous_5)" hits="0" signature="()V">
              <lines>
                <line number="40" hits="0"/>
              </lines>
            </method>
          </methods>
          <lines>
            <line number="14" hits="0" branch="false"/>
            <line number="15" hits="0" branch="false"/>
            <line number="18" hits="0" branch="false"/>
            <line number="19" hits="0" branch="false"/>
            <line number="22" hits="0" branch="false"/>
            <line number="24" hits="0" branch="false"/>
            <line number="25" hits="0" branch="false"/>
            <line number="26" hits="0" branch="false"/>
            <line number="27" hits="0" branch="false"/>
            <line number="31" hits="0" branch="false"/>
            <line number="33" hits="0" branch="false"/>
            <line number="34" hits="0" branch="false"/>
            <line number="35" hits="0" branch="false"/>
            <line number="39" hits="0" branch="false"/>
            <line number="41" hits="0" branch="false"/>
            <line number="42" hits="0" branch="false"/>
            <line number="43" hits="0" branch="false"/>
          </lines>
        </class>
      </classes>
    </package>
  </packages>
</coverage>
