{"total": {"lines":{"total":271,"covered":200,"skipped":0,"pct":73.8},"statements":{"total":303,"covered":220,"skipped":0,"pct":72.6},"functions":{"total":66,"covered":45,"skipped":0,"pct":68.18},"branches":{"total":229,"covered":159,"skipped":0,"pct":69.43},"branchesTrue":{"total":0,"covered":0,"skipped":0,"pct":100}}
,"/home/ubuntu/griply-mcp/src/types.ts": {"lines":{"total":13,"covered":0,"skipped":0,"pct":0},"functions":{"total":0,"covered":0,"skipped":0,"pct":100},"statements":{"total":13,"covered":0,"skipped":0,"pct":0},"branches":{"total":0,"covered":0,"skipped":0,"pct":100}}
,"/home/ubuntu/griply-mcp/src/utils.ts": {"lines":{"total":63,"covered":59,"skipped":0,"pct":93.65},"functions":{"total":21,"covered":19,"skipped":0,"pct":90.47},"statements":{"total":72,"covered":64,"skipped":0,"pct":88.88},"branches":{"total":58,"covered":45,"skipped":0,"pct":77.58}}
,"/home/ubuntu/griply-mcp/src/firebase/auth.ts": {"lines":{"total":9,"covered":8,"skipped":0,"pct":88.88},"functions":{"total":1,"covered":1,"skipped":0,"pct":100},"statements":{"total":9,"covered":8,"skipped":0,"pct":88.88},"branches":{"total":6,"covered":5,"skipped":0,"pct":83.33}}
,"/home/ubuntu/griply-mcp/src/firebase/client.ts": {"lines":{"total":6,"covered":6,"skipped":0,"pct":100},"functions":{"total":3,"covered":3,"skipped":0,"pct":100},"statements":{"total":9,"covered":9,"skipped":0,"pct":100},"branches":{"total":6,"covered":6,"skipped":0,"pct":100}}
,"/home/ubuntu/griply-mcp/src/firebase/config.ts": {"lines":{"total":1,"covered":1,"skipped":0,"pct":100},"functions":{"total":0,"covered":0,"skipped":0,"pct":100},"statements":{"total":1,"covered":1,"skipped":0,"pct":100},"branches":{"total":0,"covered":0,"skipped":0,"pct":100}}
,"/home/ubuntu/griply-mcp/src/firestore/goals.ts": {"lines":{"total":33,"covered":31,"skipped":0,"pct":93.93},"functions":{"total":10,"covered":9,"skipped":0,"pct":90},"statements":{"total":36,"covered":34,"skipped":0,"pct":94.44},"branches":{"total":41,"covered":31,"skipped":0,"pct":75.6}}
,"/home/ubuntu/griply-mcp/src/firestore/habits.ts": {"lines":{"total":15,"covered":10,"skipped":0,"pct":66.66},"functions":{"total":3,"covered":3,"skipped":0,"pct":100},"statements":{"total":18,"covered":11,"skipped":0,"pct":61.11},"branches":{"total":10,"covered":2,"skipped":0,"pct":20}}
,"/home/ubuntu/griply-mcp/src/firestore/summary.ts": {"lines":{"total":26,"covered":26,"skipped":0,"pct":100},"functions":{"total":1,"covered":1,"skipped":0,"pct":100},"statements":{"total":29,"covered":27,"skipped":0,"pct":93.1},"branches":{"total":18,"covered":16,"skipped":0,"pct":88.88}}
,"/home/ubuntu/griply-mcp/src/firestore/tasks.ts": {"lines":{"total":63,"covered":59,"skipped":0,"pct":93.65},"functions":{"total":9,"covered":9,"skipped":0,"pct":100},"statements":{"total":74,"covered":66,"skipped":0,"pct":89.18},"branches":{"total":88,"covered":54,"skipped":0,"pct":61.36}}
,"/home/ubuntu/griply-mcp/src/tools/goals.ts": {"lines":{"total":13,"covered":0,"skipped":0,"pct":0},"functions":{"total":6,"covered":0,"skipped":0,"pct":0},"statements":{"total":13,"covered":0,"skipped":0,"pct":0},"branches":{"total":0,"covered":0,"skipped":0,"pct":100}}
,"/home/ubuntu/griply-mcp/src/tools/habits.ts": {"lines":{"total":6,"covered":0,"skipped":0,"pct":0},"functions":{"total":3,"covered":0,"skipped":0,"pct":0},"statements":{"total":6,"covered":0,"skipped":0,"pct":0},"branches":{"total":2,"covered":0,"skipped":0,"pct":0}}
,"/home/ubuntu/griply-mcp/src/tools/index.ts": {"lines":{"total":4,"covered":0,"skipped":0,"pct":0},"functions":{"total":1,"covered":0,"skipped":0,"pct":0},"statements":{"total":4,"covered":0,"skipped":0,"pct":0},"branches":{"total":0,"covered":0,"skipped":0,"pct":100}}
,"/home/ubuntu/griply-mcp/src/tools/summary.ts": {"lines":{"total":2,"covered":0,"skipped":0,"pct":0},"functions":{"total":2,"covered":0,"skipped":0,"pct":0},"statements":{"total":2,"covered":0,"skipped":0,"pct":0},"branches":{"total":0,"covered":0,"skipped":0,"pct":100}}
,"/home/ubuntu/griply-mcp/src/tools/tasks.ts": {"lines":{"total":17,"covered":0,"skipped":0,"pct":0},"functions":{"total":6,"covered":0,"skipped":0,"pct":0},"statements":{"total":17,"covered":0,"skipped":0,"pct":0},"branches":{"total":0,"covered":0,"skipped":0,"pct":100}}
}
