TN:
SF:src/converters.ts
FNF:9
FNH:9
DA:1,47
DA:3,131
DA:13,14
DA:14,54
DA:17,14
DA:18,71
DA:19,7
DA:25,15
DA:26,39
DA:27,35
DA:28,41
DA:33,15
DA:34,35
DA:35,47
DA:36,40
DA:37,47
DA:38,10
DA:44,6
DA:45,6
DA:46,10
DA:47,10
DA:48,3
DA:49,40
DA:50,85
DA:51,40
DA:52,50
DA:53,13
DA:58,6
DA:59,11
DA:60,3
DA:61,67
DA:62,39
DA:65,6
DA:66,10
DA:67,10
DA:68,3
DA:69,29
DA:70,21
DA:72,36
DA:73,70
DA:75,33
DA:76,28
DA:77,45
DA:78,64
DA:79,64
DA:80,30
DA:81,37
DA:82,4
DA:83,2
DA:84,2
DA:86,38
DA:91,19
DA:92,33
DA:94,12
DA:95,7
DA:96,20
DA:97,39
DA:98,33
DA:99,77
DA:100,40
DA:101,36
DA:102,13
DA:103,54
DA:104,63
DA:105,29
DA:106,37
DA:107,42
DA:108,39
DA:109,2
DA:112,29
DA:113,54
DA:115,19
DA:116,18
DA:117,21
DA:119,18
DA:120,41
DA:121,14
DA:122,29
DA:123,27
DA:124,4
DA:125,36
DA:126,44
DA:128,33
DA:129,44
DA:130,31
DA:131,61
DA:132,66
DA:133,2
DA:134,2
DA:136,79
DA:137,38
DA:139,12
DA:140,7
DA:141,20
DA:142,39
DA:143,17
DA:144,16
DA:145,19
DA:146,50
DA:147,40
DA:148,36
DA:149,13
DA:150,54
DA:151,33
DA:152,29
DA:153,29
DA:154,37
DA:155,40
DA:156,19
DA:157,12
DA:158,1
LF:111
LH:111
end_of_record
TN:
SF:src/datetime.ts
FNF:14
FNH:14
DA:1,47
DA:3,82
DA:4,35
DA:5,35
DA:6,35
DA:10,13
DA:11,49
DA:12,33
DA:15,13
DA:16,49
DA:17,47
DA:21,36
DA:22,49
DA:23,65
DA:27,6
DA:28,9
DA:29,17
DA:30,23
DA:31,3
DA:32,24
DA:33,81
DA:34,59
DA:35,80
DA:36,96
DA:37,55
DA:38,77
DA:41,9
DA:42,34
DA:43,27
DA:44,28
DA:45,101
DA:48,14
DA:49,50
DA:50,38
DA:51,60
DA:52,61
DA:53,5
DA:54,19
DA:55,45
DA:56,63
DA:57,2
DA:58,27
DA:59,40
DA:60,38
DA:61,4
DA:62,64
DA:68,18
DA:69,64
DA:73,41
DA:74,49
DA:75,50
DA:76,81
DA:79,18
DA:80,45
DA:85,13
DA:86,45
DA:87,63
DA:88,85
DA:91,15
DA:92,45
DA:93,43
DA:96,13
DA:97,52
DA:98,38
DA:103,38
DA:104,70
DA:107,38
DA:108,40
DA:109,12
DA:110,44
DA:111,43
DA:112,1
LF:72
LH:72
end_of_record
TN:
SF:src/firebase/auth.ts
FNF:6
FNH:6
DA:1,32
DA:2,59
DA:3,46
DA:5,44
DA:6,43
DA:7,48
DA:16,18
DA:20,9
DA:21,44
DA:22,11
DA:23,12
DA:27,6
DA:28,25
DA:29,3
DA:30,61
DA:31,59
DA:32,59
DA:33,5
DA:35,56
DA:36,65
DA:38,29
DA:39,16
DA:40,172
DA:41,1
DA:42,2
DA:44,27
DA:47,10
DA:48,33
DA:49,26
DA:50,27
DA:51,2
DA:53,63
DA:54,71
DA:55,20
LF:34
LH:34
end_of_record
TN:
SF:src/firebase/client.ts
FNF:3
FNH:3
DA:1,45
DA:2,40
DA:3,50
DA:4,45
DA:6,8
DA:7,9
DA:8,7
DA:10,11
DA:11,49
DA:12,11
DA:15,11
DA:16,39
DA:17,12
DA:20,11
DA:21,40
DA:22,9
LF:16
LH:16
end_of_record
TN:
SF:src/firebase/config.ts
FNF:1
FNH:1
DA:1,32
DA:2,52
DA:3,45
DA:4,28
DA:5,44
DA:6,36
DA:7,53
DA:8,30
DA:9,1
LF:9
LH:9
end_of_record
TN:
SF:src/firestore/goals.ts
FNF:16
FNH:16
DA:1,137
DA:13,46
DA:15,81
DA:16,48
DA:17,64
DA:19,12
DA:20,56
DA:21,19
DA:23,11
DA:24,25
DA:25,37
DA:26,17
DA:27,54
DA:28,22
DA:29,28
DA:30,41
DA:31,3
DA:33,12
DA:34,28
DA:35,31
DA:36,33
DA:37,6
DA:38,2
DA:41,19
DA:42,12
DA:43,7
DA:44,20
DA:45,39
DA:46,37
DA:47,42
DA:48,46
DA:49,47
DA:50,29
DA:51,30
DA:52,29
DA:53,40
DA:54,42
DA:55,27
DA:56,2
DA:59,6
DA:60,5
DA:61,5
DA:62,3
DA:63,25
DA:64,20
DA:65,29
DA:66,4
DA:67,26
DA:68,63
DA:69,2
DA:71,68
DA:73,21
DA:74,66
DA:75,36
DA:78,6
DA:79,5
DA:80,7
DA:81,3
DA:82,62
DA:83,27
DA:85,32
DA:86,6
DA:87,12
DA:88,17
DA:89,31
DA:90,35
DA:91,1
DA:92,4
DA:94,15
DA:95,42
DA:96,22
DA:97,40
DA:98,18
DA:99,15
DA:100,26
DA:101,48
DA:102,31
DA:103,4
DA:104,2
DA:107,6
DA:108,5
DA:109,7
DA:119,3
DA:120,33
DA:122,18
DA:123,22
DA:124,48
DA:125,42
DA:126,42
DA:127,29
DA:128,2
DA:129,32
DA:130,69
DA:131,50
DA:132,34
DA:133,17
DA:134,21
DA:135,22
DA:136,14
DA:137,4
DA:139,26
DA:140,21
DA:141,9
DA:142,16
DA:143,19
DA:144,26
DA:145,26
DA:146,33
DA:147,30
DA:148,5
DA:150,34
DA:153,16
DA:154,52
DA:155,35
DA:156,30
DA:157,5
DA:160,6
DA:161,7
DA:162,3
DA:163,62
DA:164,27
DA:166,30
DA:167,36
DA:168,49
DA:170,12
DA:171,11
DA:172,63
DA:173,30
DA:174,19
DA:175,1
LF:130
LH:130
end_of_record
TN:
SF:src/firestore/habits.ts
FNF:6
FNH:6
DA:1,135
DA:12,46
DA:14,60
DA:15,46
DA:16,45
DA:18,13
DA:19,33
DA:20,31
DA:21,6
DA:22,12
DA:23,17
DA:24,38
DA:25,34
DA:26,33
DA:27,27
DA:28,1
DA:29,4
DA:30,21
DA:31,40
DA:32,47
DA:35,6
DA:36,7
DA:37,3
DA:38,57
DA:39,52
DA:41,28
DA:43,31
DA:44,35
DA:45,69
DA:49,50
DA:50,22
DA:51,28
DA:52,39
DA:53,66
DA:54,10
DA:55,4
DA:57,36
DA:58,42
DA:59,33
DA:60,27
DA:61,62
DA:62,4
DA:64,36
DA:65,37
DA:66,30
LF:45
LH:45
end_of_record
TN:
SF:src/firestore/refs.ts
FNF:5
FNH:5
DA:1,55
DA:2,46
DA:4,82
DA:6,11
DA:7,36
DA:10,11
DA:11,36
DA:14,11
DA:15,44
DA:18,14
DA:19,49
DA:22,14
DA:23,33
LF:13
LH:13
end_of_record
TN:
SF:src/firestore/summary.ts
FNF:2
FNH:2
DA:1,83
DA:9,60
DA:10,73
DA:11,63
DA:13,6
DA:14,5
DA:15,5
DA:16,3
DA:17,48
DA:18,35
DA:19,57
DA:22,34
DA:23,6
DA:24,12
DA:25,17
DA:26,37
DA:27,27
DA:28,1
DA:29,4
DA:31,19
DA:32,29
DA:34,38
DA:35,26
DA:36,44
DA:37,41
DA:39,59
DA:40,98
DA:41,67
DA:42,8
DA:43,4
DA:46,85
DA:47,2
DA:50,33
DA:51,6
DA:52,12
DA:53,17
DA:54,38
DA:55,34
DA:56,31
DA:57,1
DA:58,4
DA:60,20
DA:61,30
DA:63,37
DA:64,26
DA:65,44
DA:66,51
DA:67,34
DA:68,21
DA:69,2
DA:71,12
DA:72,19
DA:73,10
DA:74,11
DA:75,23
DA:76,54
DA:77,24
DA:78,32
DA:79,1
LF:59
LH:59
end_of_record
TN:
SF:src/firestore/tasks.ts
FNF:16
FNH:16
DA:1,159
DA:15,46
DA:17,89
DA:18,61
DA:19,140
DA:28,6
DA:29,5
DA:30,5
DA:31,3
DA:32,70
DA:34,18
DA:35,30
DA:36,16
DA:37,19
DA:38,12
DA:39,64
DA:40,10
DA:41,14
DA:42,23
DA:43,16
DA:44,41
DA:45,36
DA:46,37
DA:47,8
DA:48,10
DA:49,18
DA:50,23
DA:51,16
DA:52,92
DA:53,8
DA:54,7
DA:57,73
DA:59,31
DA:60,62
DA:61,4
DA:62,67
DA:63,33
DA:64,35
DA:65,59
DA:66,72
DA:67,2
DA:68,55
DA:70,20
DA:71,52
DA:72,2
DA:74,12
DA:77,22
DA:78,30
DA:79,6
DA:80,20
DA:81,17
DA:82,33
DA:83,1
DA:84,4
DA:85,26
DA:86,34
DA:87,43
DA:88,30
DA:89,64
DA:90,2
DA:91,2
DA:92,44
DA:95,6
DA:96,5
DA:97,7
DA:109,3
DA:110,33
DA:112,54
DA:113,5
DA:114,65
DA:115,59
DA:116,3
DA:117,6
DA:119,18
DA:120,22
DA:121,48
DA:122,25
DA:123,55
DA:124,13
DA:125,31
DA:126,77
DA:127,8
DA:128,85
DA:129,34
DA:130,42
DA:131,42
DA:132,19
DA:133,4
DA:135,26
DA:136,21
DA:137,9
DA:138,44
DA:139,20
DA:140,19
DA:141,23
DA:142,19
DA:143,20
DA:144,19
DA:145,19
DA:146,21
DA:147,26
DA:148,33
DA:149,30
DA:150,5
DA:152,34
DA:155,6
DA:156,8
DA:157,7
DA:168,3
DA:169,47
DA:170,46
DA:171,24
DA:173,27
DA:175,58
DA:176,46
DA:177,84
DA:178,40
DA:179,60
DA:180,28
DA:181,41
DA:182,0
DA:183,2
DA:185,2
DA:186,39
DA:187,67
DA:188,2
DA:189,37
DA:190,41
DA:192,73
DA:193,41
DA:194,23
DA:195,43
DA:196,50
DA:197,6
DA:198,41
DA:199,48
DA:200,3
DA:201,4
DA:202,2
DA:204,37
DA:205,29
DA:208,16
DA:209,52
DA:210,35
DA:211,30
DA:212,5
DA:215,16
DA:220,48
LF:148
LH:147
end_of_record
TN:
SF:src/index.ts
FNF:2
FNH:0
DA:3,68
DA:4,81
DA:5,121
DA:6,51
DA:8,0
DA:9,0
DA:10,0
DA:11,0
DA:12,0
DA:13,0
DA:17,0
DA:18,0
DA:19,0
DA:20,0
DA:21,0
DA:22,0
DA:23,0
DA:24,0
DA:25,0
DA:26,0
DA:27,0
DA:28,0
DA:29,0
DA:30,0
DA:31,0
DA:32,0
DA:33,0
DA:34,0
DA:35,0
DA:36,0
DA:37,0
DA:38,0
DA:39,0
DA:40,0
DA:41,0
DA:42,0
DA:43,0
DA:44,0
DA:45,0
DA:46,0
DA:47,0
DA:48,0
DA:49,0
DA:50,0
DA:51,0
DA:52,0
DA:53,0
DA:54,0
DA:55,0
DA:56,0
DA:57,0
DA:58,0
DA:59,0
DA:60,0
DA:61,0
DA:62,0
DA:63,0
DA:64,0
DA:65,0
DA:66,0
DA:67,0
DA:68,0
DA:69,0
DA:70,0
DA:71,0
DA:72,0
DA:73,0
DA:74,0
DA:75,1
DA:78,20
DA:79,0
LF:71
LH:6
end_of_record
TN:
SF:src/mcp.ts
FNF:2
FNH:2
DA:1,15
DA:2,45
DA:5,15
DA:6,48
LF:4
LH:4
end_of_record
TN:
SF:src/tools/goals.ts
FNF:11
FNH:11
DA:2,49
DA:3,47
DA:4,126
DA:11,51
DA:13,17
DA:14,96
DA:15,72
DA:16,4
DA:18,80
DA:19,77
DA:20,4
DA:22,71
DA:23,73
DA:24,4
DA:26,82
DA:27,16
DA:28,23
DA:29,44
DA:30,63
DA:32,4
DA:34,109
DA:35,16
DA:36,23
DA:37,62
DA:39,3
LF:25
LH:25
end_of_record
TN:
SF:src/tools/habits.ts
FNF:5
FNH:5
DA:2,49
DA:3,49
DA:4,73
DA:5,51
DA:7,17
DA:8,96
DA:9,60
DA:10,4
DA:12,104
DA:13,16
DA:14,23
DA:15,44
DA:16,95
DA:18,3
LF:14
LH:14
end_of_record
TN:
SF:src/tools/index.ts
FNF:1
FNH:1
DA:2,47
DA:3,47
DA:4,49
DA:5,52
DA:7,17
DA:8,28
DA:9,28
DA:10,29
DA:11,30
LF:9
LH:9
end_of_record
TN:
SF:src/tools/summary.ts
FNF:3
FNH:3
DA:2,49
DA:3,51
DA:4,52
DA:5,39
DA:7,17
DA:8,119
DA:9,80
DA:10,3
LF:8
LH:8
end_of_record
TN:
SF:src/tools/tasks.ts
FNF:11
FNH:11
DA:2,49
DA:3,47
DA:4,124
DA:11,51
DA:13,17
DA:14,76
DA:15,72
DA:16,4
DA:18,71
DA:19,73
DA:20,4
DA:22,77
DA:23,16
DA:24,23
DA:25,42
DA:26,44
DA:27,44
DA:29,4
DA:31,82
DA:32,16
DA:33,23
DA:34,44
DA:35,63
DA:37,4
DA:39,87
DA:40,16
DA:41,23
DA:42,42
DA:43,51
DA:45,3
LF:30
LH:30
end_of_record
TN:
SF:src/types.ts
FNF:1
FNH:1
DA:1,24
DA:72,42
DA:73,71
DA:74,75
DA:75,3
DA:77,40
DA:78,43
DA:79,3
DA:81,43
DA:82,41
DA:83,70
DA:84,80
DA:85,78
DA:86,71
DA:87,68
DA:88,82
DA:89,77
DA:90,62
DA:91,61
DA:92,58
DA:93,64
DA:94,3
DA:96,45
DA:97,55
DA:98,3
DA:100,48
DA:101,43
DA:102,3
DA:105,79
DA:108,42
DA:109,38
DA:110,66
DA:111,4
DA:112,62
DA:113,58
DA:114,3
DA:116,43
DA:117,41
DA:118,70
DA:119,77
DA:120,42
DA:121,111
DA:122,4
DA:123,66
DA:124,66
DA:125,41
DA:126,79
DA:127,4
DA:128,65
DA:129,74
DA:130,76
DA:131,3
DA:133,43
DA:134,55
DA:135,56
DA:136,69
DA:137,83
DA:138,42
DA:139,111
DA:140,4
DA:141,66
DA:142,66
DA:143,41
DA:144,79
DA:145,4
DA:146,65
DA:147,72
DA:148,3
DA:150,45
DA:151,55
DA:152,3
DA:154,43
DA:155,53
DA:156,3
DA:159,45
DA:161,51
DA:162,47
DA:163,98
DA:164,60
DA:165,3
DA:168,48
DA:169,75
DA:170,2
LF:83
LH:83
end_of_record
TN:
SF:test/coverage.ts
FNF:5
FNH:5
DA:1,36
DA:3,46
DA:5,6
DA:6,5
DA:7,13
DA:8,3
DA:9,54
DA:10,39
DA:11,44
DA:12,54
DA:13,4
DA:15,18
DA:16,69
DA:17,4
DA:20,58
LF:15
LH:15
end_of_record
TN:
SF:test/setup.ts
FNF:1
FNH:1
DA:1,51
DA:2,36
DA:4,19
DA:5,31
DA:6,66
DA:7,34
DA:8,19
DA:9,44
DA:10,31
DA:11,52
DA:12,4
DA:13,2
DA:14,2
DA:17,44
DA:20,78
LF:15
LH:15
end_of_record
