TN:
SF:src/firebase/auth.ts
FNF:2
FNH:2
DA:1,59
DA:2,46
DA:4,10
DA:5,33
DA:6,26
DA:7,27
DA:8,2
DA:10,41
DA:11,47
DA:12,29
DA:13,16
DA:14,69
DA:15,1
DA:16,2
DA:18,71
DA:19,20
LF:16
LH:16
end_of_record
TN:
SF:src/firebase/client.ts
FNF:3
FNH:3
DA:1,45
DA:2,40
DA:3,50
DA:4,45
DA:6,8
DA:7,9
DA:8,7
DA:10,11
DA:11,49
DA:12,11
DA:15,11
DA:16,39
DA:17,12
DA:20,11
DA:21,40
DA:22,9
LF:16
LH:16
end_of_record
TN:
SF:src/firebase/config.ts
FNF:1
FNH:1
DA:1,32
DA:2,52
DA:3,45
DA:4,28
DA:5,44
DA:6,36
DA:7,53
DA:8,30
DA:9,1
LF:9
LH:9
end_of_record
TN:
SF:src/firestore/goals.ts
FNF:15
FNH:15
DA:1,137
DA:13,46
DA:15,137
DA:27,12
DA:28,56
DA:29,19
DA:31,11
DA:32,25
DA:33,37
DA:34,17
DA:35,54
DA:36,22
DA:37,28
DA:38,41
DA:39,3
DA:41,12
DA:42,28
DA:43,31
DA:44,33
DA:45,6
DA:46,2
DA:49,19
DA:50,12
DA:51,7
DA:52,20
DA:53,39
DA:54,37
DA:55,42
DA:56,46
DA:57,47
DA:58,29
DA:59,30
DA:60,29
DA:61,40
DA:62,42
DA:63,27
DA:64,2
DA:67,6
DA:68,5
DA:69,5
DA:70,3
DA:71,25
DA:72,20
DA:73,29
DA:74,4
DA:75,26
DA:76,63
DA:77,2
DA:79,68
DA:81,21
DA:82,66
DA:83,36
DA:86,6
DA:87,5
DA:88,7
DA:89,3
DA:90,62
DA:91,27
DA:93,32
DA:94,6
DA:95,12
DA:96,17
DA:97,31
DA:98,35
DA:99,1
DA:100,4
DA:102,15
DA:103,42
DA:104,40
DA:105,15
DA:106,26
DA:107,48
DA:108,31
DA:109,4
DA:110,2
DA:113,6
DA:114,5
DA:115,7
DA:125,3
DA:126,33
DA:128,26
DA:129,18
DA:130,22
DA:131,48
DA:132,42
DA:133,42
DA:134,29
DA:135,2
DA:136,32
DA:137,69
DA:138,50
DA:139,34
DA:140,16
DA:141,17
DA:142,19
DA:143,21
DA:144,22
DA:145,17
DA:146,26
DA:147,26
DA:148,33
DA:149,30
DA:150,5
DA:152,12
DA:153,18
DA:154,22
DA:155,40
DA:156,34
DA:157,30
DA:158,22
DA:159,22
DA:160,23
DA:161,14
DA:162,2
DA:165,16
DA:166,52
DA:167,35
DA:168,30
DA:169,5
DA:172,6
DA:173,7
DA:174,3
DA:175,62
DA:176,27
DA:178,30
DA:179,36
DA:180,49
DA:182,12
DA:183,11
DA:184,28
DA:185,30
DA:186,19
DA:187,1
LF:133
LH:133
end_of_record
TN:
SF:src/firestore/habits.ts
FNF:5
FNH:5
DA:1,135
DA:12,46
DA:14,91
DA:23,13
DA:24,33
DA:25,31
DA:26,6
DA:27,12
DA:28,17
DA:29,38
DA:30,34
DA:31,33
DA:32,27
DA:33,1
DA:34,4
DA:35,68
DA:38,6
DA:39,7
DA:40,3
DA:41,57
DA:42,52
DA:44,28
DA:46,31
DA:47,35
DA:48,69
DA:50,75
DA:51,22
DA:52,28
DA:53,39
DA:54,66
DA:55,10
DA:56,4
DA:58,36
DA:59,42
DA:60,33
DA:61,27
DA:62,62
DA:63,4
DA:65,36
DA:66,37
DA:67,30
LF:41
LH:41
end_of_record
TN:
SF:src/firestore/summary.ts
FNF:2
FNH:2
DA:1,83
DA:9,139
DA:20,6
DA:21,5
DA:22,5
DA:23,3
DA:24,48
DA:25,35
DA:26,57
DA:29,34
DA:30,6
DA:31,12
DA:32,17
DA:33,37
DA:34,27
DA:35,1
DA:36,4
DA:38,19
DA:39,29
DA:41,38
DA:42,26
DA:43,41
DA:45,59
DA:46,98
DA:47,67
DA:48,8
DA:49,4
DA:52,85
DA:53,2
DA:56,33
DA:57,6
DA:58,12
DA:59,17
DA:60,38
DA:61,34
DA:62,31
DA:63,1
DA:64,4
DA:66,20
DA:67,30
DA:69,37
DA:70,55
DA:71,34
DA:72,21
DA:73,2
DA:75,12
DA:76,19
DA:77,10
DA:78,11
DA:79,23
DA:80,54
DA:81,24
DA:82,32
DA:83,1
LF:54
LH:54
end_of_record
TN:
SF:src/firestore/tasks.ts
FNF:15
FNH:15
DA:1,159
DA:15,46
DA:17,220
DA:32,6
DA:33,5
DA:34,5
DA:35,3
DA:36,25
DA:37,20
DA:38,37
DA:39,4
DA:41,30
DA:42,16
DA:43,19
DA:44,12
DA:45,57
DA:46,10
DA:47,14
DA:48,57
DA:49,52
DA:50,56
DA:51,10
DA:52,18
DA:53,29
DA:54,40
DA:55,60
DA:56,17
DA:57,81
DA:58,8
DA:59,19
DA:61,57
DA:62,7
DA:65,21
DA:66,55
DA:67,2
DA:69,31
DA:70,62
DA:71,4
DA:72,27
DA:73,33
DA:74,35
DA:75,59
DA:76,72
DA:77,2
DA:78,55
DA:80,20
DA:81,52
DA:82,2
DA:84,12
DA:87,22
DA:88,30
DA:89,6
DA:90,20
DA:91,17
DA:92,33
DA:93,1
DA:94,4
DA:95,26
DA:96,34
DA:97,43
DA:98,30
DA:99,64
DA:100,2
DA:101,2
DA:102,44
DA:105,6
DA:106,5
DA:107,7
DA:119,3
DA:120,33
DA:122,54
DA:123,5
DA:124,65
DA:125,59
DA:126,3
DA:127,6
DA:129,26
DA:130,18
DA:131,22
DA:132,48
DA:133,25
DA:134,55
DA:135,44
DA:136,13
DA:137,31
DA:138,77
DA:139,8
DA:140,35
DA:141,42
DA:142,8
DA:143,34
DA:144,42
DA:145,42
DA:146,20
DA:147,19
DA:148,23
DA:149,19
DA:150,20
DA:151,19
DA:152,19
DA:153,21
DA:154,22
DA:155,26
DA:156,33
DA:157,30
DA:158,5
DA:160,12
DA:161,18
DA:162,22
DA:163,40
DA:164,30
DA:165,32
DA:166,32
DA:167,30
DA:168,30
DA:169,26
DA:170,34
DA:171,20
DA:172,2
DA:175,6
DA:176,8
DA:177,7
DA:188,3
DA:189,47
DA:190,46
DA:191,24
DA:193,27
DA:195,58
DA:196,46
DA:197,84
DA:198,40
DA:199,60
DA:200,28
DA:201,41
DA:202,0
DA:203,2
DA:205,2
DA:206,39
DA:207,67
DA:208,2
DA:209,37
DA:210,41
DA:212,73
DA:213,41
DA:214,23
DA:215,43
DA:216,50
DA:217,6
DA:218,41
DA:219,48
DA:220,3
DA:221,4
DA:222,2
DA:224,37
DA:225,29
DA:228,16
DA:229,52
DA:230,35
DA:231,30
DA:232,5
DA:235,16
DA:236,48
LF:162
LH:161
end_of_record
TN:
SF:src/index.ts
FNF:4
FNH:0
DA:3,68
DA:4,81
DA:5,121
DA:6,51
DA:8,0
DA:9,0
DA:10,0
DA:11,0
DA:12,0
DA:13,0
DA:17,0
DA:18,0
DA:19,0
DA:20,0
DA:21,0
DA:22,0
DA:23,0
DA:24,0
DA:25,0
DA:26,0
DA:27,0
DA:28,0
DA:29,0
DA:30,0
DA:31,0
DA:32,0
DA:33,0
DA:34,0
DA:35,0
DA:36,0
DA:37,0
DA:38,0
DA:39,0
DA:40,0
DA:41,0
DA:42,0
DA:43,0
DA:44,0
DA:45,0
DA:46,0
DA:47,0
DA:48,0
DA:49,0
DA:50,0
DA:51,0
DA:52,0
DA:53,0
DA:54,0
DA:55,0
DA:56,1
DA:59,20
DA:60,0
DA:61,0
DA:62,0
LF:54
LH:6
end_of_record
TN:
SF:src/tools/goals.ts
FNF:11
FNH:11
DA:2,49
DA:3,47
DA:4,126
DA:11,53
DA:13,17
DA:14,96
DA:15,72
DA:16,4
DA:18,80
DA:19,77
DA:20,4
DA:22,71
DA:23,73
DA:24,4
DA:26,82
DA:27,16
DA:28,23
DA:29,44
DA:30,63
DA:32,4
DA:34,109
DA:35,16
DA:36,23
DA:37,62
DA:39,3
LF:25
LH:25
end_of_record
TN:
SF:src/tools/habits.ts
FNF:5
FNH:5
DA:2,49
DA:3,49
DA:4,73
DA:5,53
DA:7,17
DA:8,96
DA:9,60
DA:10,4
DA:12,104
DA:13,16
DA:14,23
DA:15,44
DA:16,95
DA:18,3
LF:14
LH:14
end_of_record
TN:
SF:src/tools/index.ts
FNF:1
FNH:1
DA:2,47
DA:3,47
DA:4,49
DA:5,52
DA:7,17
DA:8,28
DA:9,28
DA:10,29
DA:11,30
LF:9
LH:9
end_of_record
TN:
SF:src/tools/summary.ts
FNF:3
FNH:3
DA:2,49
DA:3,51
DA:4,52
DA:5,41
DA:7,17
DA:8,119
DA:9,80
DA:10,3
LF:8
LH:8
end_of_record
TN:
SF:src/tools/tasks.ts
FNF:11
FNH:11
DA:2,49
DA:3,47
DA:4,124
DA:11,53
DA:13,17
DA:14,76
DA:15,72
DA:16,4
DA:18,71
DA:19,73
DA:20,4
DA:22,77
DA:23,16
DA:24,23
DA:25,42
DA:26,44
DA:27,44
DA:29,4
DA:31,82
DA:32,16
DA:33,23
DA:34,44
DA:35,63
DA:37,4
DA:39,87
DA:40,16
DA:41,23
DA:42,42
DA:43,51
DA:45,3
LF:30
LH:30
end_of_record
TN:
SF:src/types.ts
FNF:1
FNH:1
DA:1,24
DA:85,42
DA:86,71
DA:87,75
DA:88,3
DA:90,40
DA:91,43
DA:92,3
DA:94,43
DA:95,41
DA:96,70
DA:97,80
DA:98,78
DA:99,71
DA:100,68
DA:101,82
DA:102,77
DA:103,62
DA:104,61
DA:105,58
DA:106,64
DA:107,3
DA:109,45
DA:110,55
DA:111,3
DA:113,48
DA:114,43
DA:115,3
DA:118,42
DA:119,10
DA:120,9
DA:121,9
DA:122,66
DA:123,4
DA:124,62
DA:125,58
DA:126,3
DA:128,43
DA:129,41
DA:130,70
DA:131,77
DA:132,42
DA:133,111
DA:134,4
DA:135,66
DA:136,66
DA:137,41
DA:138,79
DA:139,4
DA:140,65
DA:141,74
DA:142,76
DA:143,3
DA:145,43
DA:146,55
DA:147,56
DA:148,69
DA:149,83
DA:150,42
DA:151,111
DA:152,4
DA:153,66
DA:154,66
DA:155,41
DA:156,79
DA:157,4
DA:158,65
DA:159,72
DA:160,3
DA:162,45
DA:163,55
DA:164,3
DA:166,43
DA:167,53
DA:168,3
DA:171,45
DA:173,51
DA:174,47
DA:175,98
DA:176,60
DA:177,3
DA:180,48
DA:181,75
DA:182,2
LF:84
LH:84
end_of_record
TN:
SF:src/utils.ts
FNF:28
FNH:28
DA:1,68
DA:7,45
DA:12,82
DA:13,82
DA:14,35
DA:15,35
DA:19,13
DA:20,49
DA:21,33
DA:24,13
DA:25,49
DA:26,47
DA:30,36
DA:31,49
DA:32,65
DA:36,18
DA:37,64
DA:41,41
DA:42,49
DA:43,50
DA:44,81
DA:47,18
DA:48,44
DA:51,14
DA:52,50
DA:53,38
DA:54,60
DA:55,61
DA:56,5
DA:57,19
DA:58,45
DA:59,63
DA:60,2
DA:61,27
DA:62,40
DA:63,38
DA:64,4
DA:65,64
DA:70,13
DA:71,45
DA:72,63
DA:73,85
DA:76,15
DA:77,45
DA:78,43
DA:81,13
DA:82,52
DA:83,38
DA:88,38
DA:89,70
DA:92,38
DA:93,40
DA:94,12
DA:95,44
DA:96,43
DA:97,2
DA:102,14
DA:103,54
DA:106,14
DA:107,71
DA:108,7
DA:111,14
DA:112,34
DA:117,11
DA:118,36
DA:121,11
DA:122,36
DA:125,11
DA:126,44
DA:129,14
DA:130,49
DA:136,15
DA:137,39
DA:138,35
DA:139,41
DA:144,15
DA:145,35
DA:146,47
DA:147,40
DA:148,47
DA:149,10
DA:153,6
DA:154,6
DA:155,10
DA:156,10
DA:157,3
DA:158,40
DA:159,85
DA:160,35
DA:161,71
DA:162,13
DA:165,19
DA:166,33
DA:168,12
DA:169,7
DA:170,20
DA:171,39
DA:172,33
DA:173,61
DA:174,40
DA:175,36
DA:176,13
DA:177,54
DA:178,63
DA:179,29
DA:180,37
DA:181,42
DA:182,39
DA:183,2
DA:186,29
DA:187,54
DA:189,19
DA:190,18
DA:191,21
DA:193,18
DA:194,41
DA:195,14
DA:196,29
DA:197,27
DA:198,4
DA:199,36
DA:200,44
DA:202,33
DA:203,44
DA:204,31
DA:205,61
DA:206,66
DA:207,2
DA:208,2
DA:210,79
DA:211,38
DA:213,12
DA:214,7
DA:215,20
DA:216,39
DA:217,17
DA:218,16
DA:219,19
DA:220,50
DA:221,40
DA:222,36
DA:223,13
DA:224,54
DA:225,33
DA:226,29
DA:227,29
DA:228,37
DA:229,40
DA:230,19
DA:231,12
DA:232,2
DA:237,6
DA:238,11
DA:239,3
DA:240,67
DA:241,39
DA:244,6
DA:245,10
DA:246,10
DA:247,3
DA:248,29
DA:249,21
DA:251,36
DA:252,70
DA:254,33
DA:255,28
DA:256,45
DA:257,64
DA:258,64
DA:259,30
DA:260,37
DA:261,4
DA:262,2
DA:263,2
DA:265,38
DA:270,15
DA:271,45
DA:274,15
DA:275,48
LF:179
LH:179
end_of_record
TN:
SF:test/coverage.ts
FNF:5
FNH:5
DA:1,36
DA:3,46
DA:5,6
DA:6,5
DA:7,13
DA:8,3
DA:9,54
DA:10,39
DA:11,44
DA:12,54
DA:13,4
DA:15,18
DA:16,69
DA:17,4
DA:20,58
LF:15
LH:15
end_of_record
TN:
SF:test/setup.ts
FNF:1
FNH:1
DA:1,51
DA:2,36
DA:4,19
DA:5,31
DA:6,66
DA:7,34
DA:8,19
DA:9,44
DA:10,31
DA:11,52
DA:12,4
DA:13,2
DA:14,2
DA:17,44
DA:20,78
LF:15
LH:15
end_of_record
